2024-01-30 08:54:59,081 [INFO] Activator:176 - 


2024-01-30 08:54:59,086 [INFO] Activator:177 - !SESSION log4j initialized
2024-01-30 08:55:03,308 [INFO] LogOutputStream:77 - [STDOUT_REDIRECT] 
2024-01-30 08:55:24,830 [ERROR] LogOutputStream:75 - [STDERR_REDIRECT] SLF4J: Failed to load class "org.slf4j.impl.StaticLoggerBinder".
2024-01-30 08:55:24,831 [ERROR] LogOutputStream:75 - [STDERR_REDIRECT] SLF4J: Defaulting to no-operation (NOP) logger implementation
2024-01-30 08:55:24,831 [ERROR] LogOutputStream:75 - [STDERR_REDIRECT] SLF4J: See http://www.slf4j.org/codes.html#StaticLoggerBinder for further details.
2024-01-30 08:58:18,818 [INFO] Activator:176 - 


2024-01-30 08:58:18,820 [INFO] Activator:177 - !SESSION log4j initialized
2024-01-30 08:58:23,064 [INFO] LogOutputStream:77 - [STDOUT_REDIRECT] 
2024-01-30 08:58:43,655 [ERROR] LogOutputStream:75 - [STDERR_REDIRECT] SLF4J: Failed to load class "org.slf4j.impl.StaticLoggerBinder".
2024-01-30 08:58:43,656 [ERROR] LogOutputStream:75 - [STDERR_REDIRECT] SLF4J: Defaulting to no-operation (NOP) logger implementation
2024-01-30 08:58:43,656 [ERROR] LogOutputStream:75 - [STDERR_REDIRECT] SLF4J: See http://www.slf4j.org/codes.html#StaticLoggerBinder for further details.
2024-01-30 10:05:52,405 [INFO] Activator:176 - 


2024-01-30 10:05:52,406 [INFO] Activator:177 - !SESSION log4j initialized
2024-01-30 10:05:57,337 [INFO] LogOutputStream:77 - [STDOUT_REDIRECT] 
2024-01-30 10:06:18,513 [ERROR] LogOutputStream:75 - [STDERR_REDIRECT] SLF4J: Failed to load class "org.slf4j.impl.StaticLoggerBinder".
2024-01-30 10:06:18,514 [ERROR] LogOutputStream:75 - [STDERR_REDIRECT] SLF4J: Defaulting to no-operation (NOP) logger implementation
2024-01-30 10:06:18,515 [ERROR] LogOutputStream:75 - [STDERR_REDIRECT] SLF4J: See http://www.slf4j.org/codes.html#StaticLoggerBinder for further details.
2024-01-30 14:18:53,401 [INFO] Activator:176 - 


2024-01-30 14:18:53,410 [INFO] Activator:177 - !SESSION log4j initialized
2024-01-30 14:18:58,412 [INFO] LogOutputStream:77 - [STDOUT_REDIRECT] 
2024-01-30 14:19:19,225 [ERROR] LogOutputStream:75 - [STDERR_REDIRECT] SLF4J: Failed to load class "org.slf4j.impl.StaticLoggerBinder".
2024-01-30 14:19:19,226 [ERROR] LogOutputStream:75 - [STDERR_REDIRECT] SLF4J: Defaulting to no-operation (NOP) logger implementation
2024-01-30 14:19:19,226 [ERROR] LogOutputStream:75 - [STDERR_REDIRECT] SLF4J: See http://www.slf4j.org/codes.html#StaticLoggerBinder for further details.
2024-01-30 15:13:58,267 [INFO] Activator:176 - 


2024-01-30 15:13:58,269 [INFO] Activator:177 - !SESSION log4j initialized
2024-01-30 15:14:02,282 [INFO] LogOutputStream:77 - [STDOUT_REDIRECT] 
2024-01-30 15:14:23,084 [ERROR] LogOutputStream:75 - [STDERR_REDIRECT] SLF4J: Failed to load class "org.slf4j.impl.StaticLoggerBinder".
2024-01-30 15:14:23,084 [ERROR] LogOutputStream:75 - [STDERR_REDIRECT] SLF4J: Defaulting to no-operation (NOP) logger implementation
2024-01-30 15:14:23,085 [ERROR] LogOutputStream:75 - [STDERR_REDIRECT] SLF4J: See http://www.slf4j.org/codes.html#StaticLoggerBinder for further details.
